[debug] [2026-07-21T00:41:35.982Z] ----------------------------------------------------------------------
[debug] [2026-07-21T00:41:35.985Z] Command:       C:\Program Files\nodejs\node.exe C:\Program Files\nodejs\node_modules\firebase-tools\lib\bin\firebase.js init
[debug] [2026-07-21T00:41:35.985Z] CLI Version:   15.24.0
[debug] [2026-07-21T00:41:35.985Z] Platform:      win32
[debug] [2026-07-21T00:41:35.985Z] Node Version:  v24.16.0
[debug] [2026-07-21T00:41:35.985Z] Detected Agent: unknown
[debug] [2026-07-21T00:41:35.986Z] Time:          Tue Jul 21 2026 07:41:35 GMT+0700 (Indochina Time)
[debug] [2026-07-21T00:41:35.986Z] ----------------------------------------------------------------------
[debug] 
[info] 
     ######## #### ########  ######## ########     ###     ######  ########
     ##        ##  ##     ## ##       ##     ##  ##   ##  ##       ##
     ######    ##  ########  ######   ########  #########  ######  ######
     ##        ##  ##    ##  ##       ##     ## ##     ##       ## ##
     ##       #### ##     ## ######## ########  ##     ##  ######  ########

You're about to initialize a Firebase project in this directory:

  A:\prog\HanoiAnWebUIFirebase

[debug] [2026-07-21T00:41:50.647Z] ExitPromptError: User force closed the prompt with SIGINT
    at Interface.sigint (C:\Code\tools\nvm\v24.16.0\node_modules\firebase-tools\node_modules\@inquirer\core\dist\commonjs\lib\create-prompt.js:101:37)
    at Interface.emit (node:events:509:28)
    at [_ttyWrite] [as _ttyWrite] (node:internal/readline/interface:1327:18)
    at ReadStream.onkeypress (node:internal/readline/interface:284:20)
    at ReadStream.emit (node:events:521:24)
    at emitKeys (node:internal/readline/utils:371:14)
    at emitKeys.next (<anonymous>)
    at ReadStream.onData (node:internal/readline/emitKeypressEvents:64:36)
    at ReadStream.emit (node:events:509:28)
    at addChunk (node:internal/streams/readable:563:12)
[error] 
[error] Error: An unexpected error has occurred.
